  Transaction.cpp
C:\Users\Rory-UOIT\Work Folder\1. Schooling\University - UOIT\Quality Assurance - 3060U\Project\SQA_FrontEnd\SQA_FrontEnd\UserActivity.h(5,18): error C3646: 'item_name': unknown override specifier
C:\Users\Rory-UOIT\Work Folder\1. Schooling\University - UOIT\Quality Assurance - 3060U\Project\SQA_FrontEnd\SQA_FrontEnd\UserActivity.h(5,18): error C4430: missing type specifier - int assumed. Note: C++ does not support default-int
C:\Users\Rory-UOIT\Work Folder\1. Schooling\University - UOIT\Quality Assurance - 3060U\Project\SQA_FrontEnd\SQA_FrontEnd\UserActivity.h(6,25): error C3646: 'sellers_username': unknown override specifier
C:\Users\Rory-UOIT\Work Folder\1. Schooling\University - UOIT\Quality Assurance - 3060U\Project\SQA_FrontEnd\SQA_FrontEnd\UserActivity.h(6,25): error C4430: missing type specifier - int assumed. Note: C++ does not support default-int
C:\Users\Rory-UOIT\Work Folder\1. Schooling\University - UOIT\Quality Assurance - 3060U\Project\SQA_FrontEnd\SQA_FrontEnd\UserActivity.h(7,24): error C3646: 'buyers_username': unknown override specifier
C:\Users\Rory-UOIT\Work Folder\1. Schooling\University - UOIT\Quality Assurance - 3060U\Project\SQA_FrontEnd\SQA_FrontEnd\UserActivity.h(7,24): error C4430: missing type specifier - int assumed. Note: C++ does not support default-int
C:\Users\Rory-UOIT\Work Folder\1. Schooling\University - UOIT\Quality Assurance - 3060U\Project\SQA_FrontEnd\SQA_FrontEnd\UserActivity.h(8,24): error C3646: 'credit_username': unknown override specifier
C:\Users\Rory-UOIT\Work Folder\1. Schooling\University - UOIT\Quality Assurance - 3060U\Project\SQA_FrontEnd\SQA_FrontEnd\UserActivity.h(8,24): error C4430: missing type specifier - int assumed. Note: C++ does not support default-int
C:\Users\Rory-UOIT\Work Folder\1. Schooling\University - UOIT\Quality Assurance - 3060U\Project\SQA_FrontEnd\SQA_FrontEnd\UserActivity.h(18,18): error C2061: syntax error: identifier 'string'
C:\Users\Rory-UOIT\Work Folder\1. Schooling\University - UOIT\Quality Assurance - 3060U\Project\SQA_FrontEnd\SQA_FrontEnd\UserActivity.h(19,24): error C2061: syntax error: identifier 'string'
C:\Users\Rory-UOIT\Work Folder\1. Schooling\University - UOIT\Quality Assurance - 3060U\Project\SQA_FrontEnd\SQA_FrontEnd\UserActivity.h(20,21): error C2061: syntax error: identifier 'string'
C:\Users\Rory-UOIT\Work Folder\1. Schooling\University - UOIT\Quality Assurance - 3060U\Project\SQA_FrontEnd\SQA_FrontEnd\Transaction.cpp(8,25): error C2653: 'Transaction': is not a class or namespace name
C:\Users\Rory-UOIT\Work Folder\1. Schooling\University - UOIT\Quality Assurance - 3060U\Project\SQA_FrontEnd\SQA_FrontEnd\Transaction.cpp(8,28): error C4430: missing type specifier - int assumed. Note: C++ does not support default-int
C:\Users\Rory-UOIT\Work Folder\1. Schooling\University - UOIT\Quality Assurance - 3060U\Project\SQA_FrontEnd\SQA_FrontEnd\Transaction.cpp(9,2): error C2065: 'available_credit': undeclared identifier
C:\Users\Rory-UOIT\Work Folder\1. Schooling\University - UOIT\Quality Assurance - 3060U\Project\SQA_FrontEnd\SQA_FrontEnd\Transaction.cpp(10,1): warning C4508: 'Transaction': function should return a value; 'void' return type assumed
C:\Users\Rory-UOIT\Work Folder\1. Schooling\University - UOIT\Quality Assurance - 3060U\Project\SQA_FrontEnd\SQA_FrontEnd\Transaction.cpp(12,31): error C2653: 'Transaction': is not a class or namespace name
C:\Users\Rory-UOIT\Work Folder\1. Schooling\University - UOIT\Quality Assurance - 3060U\Project\SQA_FrontEnd\SQA_FrontEnd\Transaction.cpp(18,73): error C2065: 'available_credit': undeclared identifier
C:\Users\Rory-UOIT\Work Folder\1. Schooling\University - UOIT\Quality Assurance - 3060U\Project\SQA_FrontEnd\SQA_FrontEnd\Transaction.cpp(24,31): error C2653: 'Transaction': is not a class or namespace name
C:\Users\Rory-UOIT\Work Folder\1. Schooling\University - UOIT\Quality Assurance - 3060U\Project\SQA_FrontEnd\SQA_FrontEnd\Transaction.cpp(36,28): error C2653: 'Transaction': is not a class or namespace name
C:\Users\Rory-UOIT\Work Folder\1. Schooling\University - UOIT\Quality Assurance - 3060U\Project\SQA_FrontEnd\SQA_FrontEnd\Transaction.cpp(47,29): error C2653: 'Transaction': is not a class or namespace name
C:\Users\Rory-UOIT\Work Folder\1. Schooling\University - UOIT\Quality Assurance - 3060U\Project\SQA_FrontEnd\SQA_FrontEnd\Transaction.cpp(59,31): error C2653: 'Transaction': is not a class or namespace name
C:\Users\Rory-UOIT\Work Folder\1. Schooling\University - UOIT\Quality Assurance - 3060U\Project\SQA_FrontEnd\SQA_FrontEnd\Transaction.cpp(63,29): error C2653: 'Transaction': is not a class or namespace name
  UserActivity.cpp
C:\Users\Rory-UOIT\Work Folder\1. Schooling\University - UOIT\Quality Assurance - 3060U\Project\SQA_FrontEnd\SQA_FrontEnd\UserActivity.h(5,18): error C3646: 'item_name': unknown override specifier
C:\Users\Rory-UOIT\Work Folder\1. Schooling\University - UOIT\Quality Assurance - 3060U\Project\SQA_FrontEnd\SQA_FrontEnd\UserActivity.h(5,18): error C4430: missing type specifier - int assumed. Note: C++ does not support default-int
C:\Users\Rory-UOIT\Work Folder\1. Schooling\University - UOIT\Quality Assurance - 3060U\Project\SQA_FrontEnd\SQA_FrontEnd\UserActivity.h(6,25): error C3646: 'sellers_username': unknown override specifier
C:\Users\Rory-UOIT\Work Folder\1. Schooling\University - UOIT\Quality Assurance - 3060U\Project\SQA_FrontEnd\SQA_FrontEnd\UserActivity.h(6,25): error C4430: missing type specifier - int assumed. Note: C++ does not support default-int
C:\Users\Rory-UOIT\Work Folder\1. Schooling\University - UOIT\Quality Assurance - 3060U\Project\SQA_FrontEnd\SQA_FrontEnd\UserActivity.h(7,24): error C3646: 'buyers_username': unknown override specifier
C:\Users\Rory-UOIT\Work Folder\1. Schooling\University - UOIT\Quality Assurance - 3060U\Project\SQA_FrontEnd\SQA_FrontEnd\UserActivity.h(7,24): error C4430: missing type specifier - int assumed. Note: C++ does not support default-int
C:\Users\Rory-UOIT\Work Folder\1. Schooling\University - UOIT\Quality Assurance - 3060U\Project\SQA_FrontEnd\SQA_FrontEnd\UserActivity.h(8,24): error C3646: 'credit_username': unknown override specifier
C:\Users\Rory-UOIT\Work Folder\1. Schooling\University - UOIT\Quality Assurance - 3060U\Project\SQA_FrontEnd\SQA_FrontEnd\UserActivity.h(8,24): error C4430: missing type specifier - int assumed. Note: C++ does not support default-int
C:\Users\Rory-UOIT\Work Folder\1. Schooling\University - UOIT\Quality Assurance - 3060U\Project\SQA_FrontEnd\SQA_FrontEnd\UserActivity.h(18,18): error C2061: syntax error: identifier 'string'
C:\Users\Rory-UOIT\Work Folder\1. Schooling\University - UOIT\Quality Assurance - 3060U\Project\SQA_FrontEnd\SQA_FrontEnd\UserActivity.h(19,24): error C2061: syntax error: identifier 'string'
C:\Users\Rory-UOIT\Work Folder\1. Schooling\University - UOIT\Quality Assurance - 3060U\Project\SQA_FrontEnd\SQA_FrontEnd\UserActivity.h(20,21): error C2061: syntax error: identifier 'string'
C:\Users\Rory-UOIT\Work Folder\1. Schooling\University - UOIT\Quality Assurance - 3060U\Project\SQA_FrontEnd\SQA_FrontEnd\UserActivity.cpp(8,30): error C2600: 'UserActivity::UserActivity': cannot define a compiler-generated special member function (must be declared in the class first)
C:\Users\Rory-UOIT\Work Folder\1. Schooling\University - UOIT\Quality Assurance - 3060U\Project\SQA_FrontEnd\SQA_FrontEnd\UserActivity.cpp(9,2): error C2065: 'item_name': undeclared identifier
C:\Users\Rory-UOIT\Work Folder\1. Schooling\University - UOIT\Quality Assurance - 3060U\Project\SQA_FrontEnd\SQA_FrontEnd\UserActivity.cpp(9,2): message : This diagnostic occurred in the compiler generated function 'UserActivity::UserActivity(void)'
C:\Users\Rory-UOIT\Work Folder\1. Schooling\University - UOIT\Quality Assurance - 3060U\Project\SQA_FrontEnd\SQA_FrontEnd\UserActivity.cpp(17,2): error C2065: 'sellers_username': undeclared identifier
C:\Users\Rory-UOIT\Work Folder\1. Schooling\University - UOIT\Quality Assurance - 3060U\Project\SQA_FrontEnd\SQA_FrontEnd\UserActivity.cpp(17,2): message : This diagnostic occurred in the compiler generated function 'UserActivity::UserActivity(void)'
C:\Users\Rory-UOIT\Work Folder\1. Schooling\University - UOIT\Quality Assurance - 3060U\Project\SQA_FrontEnd\SQA_FrontEnd\UserActivity.cpp(18,2): error C2065: 'buyers_username': undeclared identifier
C:\Users\Rory-UOIT\Work Folder\1. Schooling\University - UOIT\Quality Assurance - 3060U\Project\SQA_FrontEnd\SQA_FrontEnd\UserActivity.cpp(18,2): message : This diagnostic occurred in the compiler generated function 'UserActivity::UserActivity(void)'
C:\Users\Rory-UOIT\Work Folder\1. Schooling\University - UOIT\Quality Assurance - 3060U\Project\SQA_FrontEnd\SQA_FrontEnd\UserActivity.cpp(19,2): error C2065: 'credit_username': undeclared identifier
C:\Users\Rory-UOIT\Work Folder\1. Schooling\University - UOIT\Quality Assurance - 3060U\Project\SQA_FrontEnd\SQA_FrontEnd\UserActivity.cpp(19,2): message : This diagnostic occurred in the compiler generated function 'UserActivity::UserActivity(void)'
C:\Users\Rory-UOIT\Work Folder\1. Schooling\University - UOIT\Quality Assurance - 3060U\Project\SQA_FrontEnd\SQA_FrontEnd\UserActivity.cpp(25,9): error C2065: 'item_name': undeclared identifier
C:\Users\Rory-UOIT\Work Folder\1. Schooling\University - UOIT\Quality Assurance - 3060U\Project\SQA_FrontEnd\SQA_FrontEnd\UserActivity.cpp(34,42): error C2511: 'void UserActivity::bid(std::string)': overloaded member function not found in 'UserActivity'
C:\Users\Rory-UOIT\Work Folder\1. Schooling\University - UOIT\Quality Assurance - 3060U\Project\SQA_FrontEnd\SQA_FrontEnd\UserActivity.h(2): message : see declaration of 'UserActivity'
C:\Users\Rory-UOIT\Work Folder\1. Schooling\University - UOIT\Quality Assurance - 3060U\Project\SQA_FrontEnd\SQA_FrontEnd\UserActivity.cpp(38,9): error C2065: 'item_name': undeclared identifier
C:\Users\Rory-UOIT\Work Folder\1. Schooling\University - UOIT\Quality Assurance - 3060U\Project\SQA_FrontEnd\SQA_FrontEnd\UserActivity.cpp(41,9): error C2065: 'sellers_username': undeclared identifier
C:\Users\Rory-UOIT\Work Folder\1. Schooling\University - UOIT\Quality Assurance - 3060U\Project\SQA_FrontEnd\SQA_FrontEnd\UserActivity.cpp(43,23): error C2352: 'UserActivity::getPreviousBid': illegal call of non-static member function
C:\Users\Rory-UOIT\Work Folder\1. Schooling\University - UOIT\Quality Assurance - 3060U\Project\SQA_FrontEnd\SQA_FrontEnd\UserActivity.h(21): message : see declaration of 'UserActivity::getPreviousBid'
C:\Users\Rory-UOIT\Work Folder\1. Schooling\University - UOIT\Quality Assurance - 3060U\Project\SQA_FrontEnd\SQA_FrontEnd\UserActivity.cpp(46,10): error C2597: illegal reference to non-static member 'UserActivity::bid_amount'
C:\Users\Rory-UOIT\Work Folder\1. Schooling\University - UOIT\Quality Assurance - 3060U\Project\SQA_FrontEnd\SQA_FrontEnd\UserActivity.cpp(47,3): error C2597: illegal reference to non-static member 'UserActivity::bid_amount'
C:\Users\Rory-UOIT\Work Folder\1. Schooling\University - UOIT\Quality Assurance - 3060U\Project\SQA_FrontEnd\SQA_FrontEnd\UserActivity.cpp(51,10): error C2597: illegal reference to non-static member 'UserActivity::bid_amount'
C:\Users\Rory-UOIT\Work Folder\1. Schooling\University - UOIT\Quality Assurance - 3060U\Project\SQA_FrontEnd\SQA_FrontEnd\UserActivity.cpp(52,3): error C2597: illegal reference to non-static member 'UserActivity::bid_amount'
C:\Users\Rory-UOIT\Work Folder\1. Schooling\University - UOIT\Quality Assurance - 3060U\Project\SQA_FrontEnd\SQA_FrontEnd\UserActivity.cpp(57,48): error C2511: 'void UserActivity::addCredit(std::string)': overloaded member function not found in 'UserActivity'
C:\Users\Rory-UOIT\Work Folder\1. Schooling\University - UOIT\Quality Assurance - 3060U\Project\SQA_FrontEnd\SQA_FrontEnd\UserActivity.h(2): message : see declaration of 'UserActivity'
C:\Users\Rory-UOIT\Work Folder\1. Schooling\University - UOIT\Quality Assurance - 3060U\Project\SQA_FrontEnd\SQA_FrontEnd\UserActivity.cpp(61,10): error C2065: 'credit_username': undeclared identifier
C:\Users\Rory-UOIT\Work Folder\1. Schooling\University - UOIT\Quality Assurance - 3060U\Project\SQA_FrontEnd\SQA_FrontEnd\UserActivity.cpp(63,10): error C2597: illegal reference to non-static member 'UserActivity::transf_credit'
C:\Users\Rory-UOIT\Work Folder\1. Schooling\University - UOIT\Quality Assurance - 3060U\Project\SQA_FrontEnd\SQA_FrontEnd\UserActivity.cpp(67,10): error C2597: illegal reference to non-static member 'UserActivity::transf_credit'
C:\Users\Rory-UOIT\Work Folder\1. Schooling\University - UOIT\Quality Assurance - 3060U\Project\SQA_FrontEnd\SQA_FrontEnd\UserActivity.cpp(71,45): error C2511: 'void UserActivity::refund(std::string)': overloaded member function not found in 'UserActivity'
C:\Users\Rory-UOIT\Work Folder\1. Schooling\University - UOIT\Quality Assurance - 3060U\Project\SQA_FrontEnd\SQA_FrontEnd\UserActivity.h(2): message : see declaration of 'UserActivity'
C:\Users\Rory-UOIT\Work Folder\1. Schooling\University - UOIT\Quality Assurance - 3060U\Project\SQA_FrontEnd\SQA_FrontEnd\UserActivity.cpp(74,10): error C2065: 'buyers_username': undeclared identifier
C:\Users\Rory-UOIT\Work Folder\1. Schooling\University - UOIT\Quality Assurance - 3060U\Project\SQA_FrontEnd\SQA_FrontEnd\UserActivity.cpp(77,10): error C2065: 'sellers_username': undeclared identifier
C:\Users\Rory-UOIT\Work Folder\1. Schooling\University - UOIT\Quality Assurance - 3060U\Project\SQA_FrontEnd\SQA_FrontEnd\UserActivity.cpp(80,10): error C2597: illegal reference to non-static member 'UserActivity::refund_credit'
  main.cpp
C:\Users\Rory-UOIT\Work Folder\1. Schooling\University - UOIT\Quality Assurance - 3060U\Project\SQA_FrontEnd\SQA_FrontEnd\UserActivity.h(5,18): error C3646: 'item_name': unknown override specifier
C:\Users\Rory-UOIT\Work Folder\1. Schooling\University - UOIT\Quality Assurance - 3060U\Project\SQA_FrontEnd\SQA_FrontEnd\UserActivity.h(5,18): error C4430: missing type specifier - int assumed. Note: C++ does not support default-int
C:\Users\Rory-UOIT\Work Folder\1. Schooling\University - UOIT\Quality Assurance - 3060U\Project\SQA_FrontEnd\SQA_FrontEnd\UserActivity.h(6,25): error C3646: 'sellers_username': unknown override specifier
C:\Users\Rory-UOIT\Work Folder\1. Schooling\University - UOIT\Quality Assurance - 3060U\Project\SQA_FrontEnd\SQA_FrontEnd\UserActivity.h(6,25): error C4430: missing type specifier - int assumed. Note: C++ does not support default-int
C:\Users\Rory-UOIT\Work Folder\1. Schooling\University - UOIT\Quality Assurance - 3060U\Project\SQA_FrontEnd\SQA_FrontEnd\UserActivity.h(7,24): error C3646: 'buyers_username': unknown override specifier
C:\Users\Rory-UOIT\Work Folder\1. Schooling\University - UOIT\Quality Assurance - 3060U\Project\SQA_FrontEnd\SQA_FrontEnd\UserActivity.h(7,24): error C4430: missing type specifier - int assumed. Note: C++ does not support default-int
C:\Users\Rory-UOIT\Work Folder\1. Schooling\University - UOIT\Quality Assurance - 3060U\Project\SQA_FrontEnd\SQA_FrontEnd\UserActivity.h(8,24): error C3646: 'credit_username': unknown override specifier
C:\Users\Rory-UOIT\Work Folder\1. Schooling\University - UOIT\Quality Assurance - 3060U\Project\SQA_FrontEnd\SQA_FrontEnd\UserActivity.h(8,24): error C4430: missing type specifier - int assumed. Note: C++ does not support default-int
C:\Users\Rory-UOIT\Work Folder\1. Schooling\University - UOIT\Quality Assurance - 3060U\Project\SQA_FrontEnd\SQA_FrontEnd\UserActivity.h(18,18): error C2061: syntax error: identifier 'string'
C:\Users\Rory-UOIT\Work Folder\1. Schooling\University - UOIT\Quality Assurance - 3060U\Project\SQA_FrontEnd\SQA_FrontEnd\UserActivity.h(19,24): error C2061: syntax error: identifier 'string'
C:\Users\Rory-UOIT\Work Folder\1. Schooling\University - UOIT\Quality Assurance - 3060U\Project\SQA_FrontEnd\SQA_FrontEnd\UserActivity.h(20,21): error C2061: syntax error: identifier 'string'
  AccountManager.cpp
C:\Users\Rory-UOIT\Work Folder\1. Schooling\University - UOIT\Quality Assurance - 3060U\Project\SQA_FrontEnd\SQA_FrontEnd\UserActivity.h(5,18): error C3646: 'item_name': unknown override specifier
C:\Users\Rory-UOIT\Work Folder\1. Schooling\University - UOIT\Quality Assurance - 3060U\Project\SQA_FrontEnd\SQA_FrontEnd\UserActivity.h(5,18): error C4430: missing type specifier - int assumed. Note: C++ does not support default-int
C:\Users\Rory-UOIT\Work Folder\1. Schooling\University - UOIT\Quality Assurance - 3060U\Project\SQA_FrontEnd\SQA_FrontEnd\UserActivity.h(6,25): error C3646: 'sellers_username': unknown override specifier
C:\Users\Rory-UOIT\Work Folder\1. Schooling\University - UOIT\Quality Assurance - 3060U\Project\SQA_FrontEnd\SQA_FrontEnd\UserActivity.h(6,25): error C4430: missing type specifier - int assumed. Note: C++ does not support default-int
C:\Users\Rory-UOIT\Work Folder\1. Schooling\University - UOIT\Quality Assurance - 3060U\Project\SQA_FrontEnd\SQA_FrontEnd\UserActivity.h(7,24): error C3646: 'buyers_username': unknown override specifier
C:\Users\Rory-UOIT\Work Folder\1. Schooling\University - UOIT\Quality Assurance - 3060U\Project\SQA_FrontEnd\SQA_FrontEnd\UserActivity.h(7,24): error C4430: missing type specifier - int assumed. Note: C++ does not support default-int
C:\Users\Rory-UOIT\Work Folder\1. Schooling\University - UOIT\Quality Assurance - 3060U\Project\SQA_FrontEnd\SQA_FrontEnd\UserActivity.h(8,24): error C3646: 'credit_username': unknown override specifier
C:\Users\Rory-UOIT\Work Folder\1. Schooling\University - UOIT\Quality Assurance - 3060U\Project\SQA_FrontEnd\SQA_FrontEnd\UserActivity.h(8,24): error C4430: missing type specifier - int assumed. Note: C++ does not support default-int
C:\Users\Rory-UOIT\Work Folder\1. Schooling\University - UOIT\Quality Assurance - 3060U\Project\SQA_FrontEnd\SQA_FrontEnd\UserActivity.h(18,18): error C2061: syntax error: identifier 'string'
C:\Users\Rory-UOIT\Work Folder\1. Schooling\University - UOIT\Quality Assurance - 3060U\Project\SQA_FrontEnd\SQA_FrontEnd\UserActivity.h(19,24): error C2061: syntax error: identifier 'string'
C:\Users\Rory-UOIT\Work Folder\1. Schooling\University - UOIT\Quality Assurance - 3060U\Project\SQA_FrontEnd\SQA_FrontEnd\UserActivity.h(20,21): error C2061: syntax error: identifier 'string'
  Generating Code...
